<?xml version="1.0" encoding="UTF-8"?>
<testsuite name="com.csc.TestGrosspay" tests="3" skipped="0" failures="0" errors="0" timestamp="2024-09-08T21:06:29" hostname="BENS-LAPTOP" time="0.015">
  <properties/>
  <testcase name="testZeroHoursWorked()" classname="com.csc.TestGrosspay" time="0.012"/>
  <testcase name="testFourtyHoursWorked()" classname="com.csc.TestGrosspay" time="0.0"/>
  <testcase name="testFiftyHoursWorked()" classname="com.csc.TestGrosspay" time="0.001"/>
  <system-out><![CDATA[]]></system-out>
  <system-err><![CDATA[]]></system-err>
</testsuite>
